<?xml version="1.0" encoding="UTF-8"?>
<testsuite xmlns:xsi="http://www.w3.org/2001/XMLSchema-instance" xsi:noNamespaceSchemaLocation="https://maven.apache.org/surefire/maven-surefire-plugin/xsd/surefire-test-report-3.0.xsd" version="3.0" name="Sweet.system.AcceptanceTest" time="3.049" tests="52" errors="0" skipped="0" failures="0">
  <properties>
    <property name="java.specification.version" value="22"/>
    <property name="sun.cpu.isalist" value="amd64"/>
    <property name="sun.jnu.encoding" value="Cp1252"/>
    <property name="java.class.path" value="C:\Users\Hp\OneDrive\Desktop\Software Project part 1\carpProject-main\MotazQarmash-Sweet_Mgt_Sys\target\test-classes;C:\Users\Hp\OneDrive\Desktop\Software Project part 1\carpProject-main\MotazQarmash-Sweet_Mgt_Sys\target\classes;C:\Users\Hp\.m2\repository\org\jacoco\jacoco-maven-plugin\0.8.12\jacoco-maven-plugin-0.8.12.jar;C:\Users\Hp\.m2\repository\org\codehaus\plexus\plexus-utils\3.0.24\plexus-utils-3.0.24.jar;C:\Users\Hp\.m2\repository\org\apache\maven\shared\file-management\3.1.0\file-management-3.1.0.jar;C:\Users\Hp\.m2\repository\org\slf4j\slf4j-api\1.7.36\slf4j-api-1.7.36.jar;C:\Users\Hp\.m2\repository\commons-io\commons-io\2.11.0\commons-io-2.11.0.jar;C:\Users\Hp\.m2\repository\org\apache\maven\reporting\maven-reporting-api\3.0\maven-reporting-api-3.0.jar;C:\Users\Hp\.m2\repository\org\apache\maven\doxia\doxia-sink-api\1.0\doxia-sink-api-1.0.jar;C:\Users\Hp\.m2\repository\org\jacoco\org.jacoco.agent\0.8.12\org.jacoco.agent-0.8.12-runtime.jar;C:\Users\Hp\.m2\repository\org\jacoco\org.jacoco.core\0.8.12\org.jacoco.core-0.8.12.jar;C:\Users\Hp\.m2\repository\org\ow2\asm\asm\9.7\asm-9.7.jar;C:\Users\Hp\.m2\repository\org\ow2\asm\asm-commons\9.7\asm-commons-9.7.jar;C:\Users\Hp\.m2\repository\org\ow2\asm\asm-tree\9.7\asm-tree-9.7.jar;C:\Users\Hp\.m2\repository\org\jacoco\org.jacoco.report\0.8.12\org.jacoco.report-0.8.12.jar;C:\Users\Hp\.m2\repository\junit\junit\4.13.2\junit-4.13.2.jar;C:\Users\Hp\.m2\repository\org\hamcrest\hamcrest-core\1.3\hamcrest-core-1.3.jar;C:\Users\Hp\.m2\repository\io\cucumber\cucumber-picocontainer\7.15.0\cucumber-picocontainer-7.15.0.jar;C:\Users\Hp\.m2\repository\org\apiguardian\apiguardian-api\1.1.2\apiguardian-api-1.1.2.jar;C:\Users\Hp\.m2\repository\org\picocontainer\picocontainer\2.15\picocontainer-2.15.jar;C:\Users\Hp\.m2\repository\io\cucumber\cucumber-java\7.18.1\cucumber-java-7.18.1.jar;C:\Users\Hp\.m2\repository\io\cucumber\cucumber-core\7.18.1\cucumber-core-7.18.1.jar;C:\Users\Hp\.m2\repository\io\cucumber\cucumber-gherkin\7.18.1\cucumber-gherkin-7.18.1.jar;C:\Users\Hp\.m2\repository\io\cucumber\cucumber-gherkin-messages\7.18.1\cucumber-gherkin-messages-7.18.1.jar;C:\Users\Hp\.m2\repository\io\cucumber\gherkin\28.0.0\gherkin-28.0.0.jar;C:\Users\Hp\.m2\repository\io\cucumber\messages\24.1.0\messages-24.1.0.jar;C:\Users\Hp\.m2\repository\io\cucumber\testng-xml-formatter\0.2.0\testng-xml-formatter-0.2.0.jar;C:\Users\Hp\.m2\repository\io\cucumber\query\12.2.0\query-12.2.0.jar;C:\Users\Hp\.m2\repository\io\cucumber\tag-expressions\6.1.0\tag-expressions-6.1.0.jar;C:\Users\Hp\.m2\repository\io\cucumber\cucumber-expressions\17.1.0\cucumber-expressions-17.1.0.jar;C:\Users\Hp\.m2\repository\io\cucumber\datatable\7.18.1\datatable-7.18.1.jar;C:\Users\Hp\.m2\repository\io\cucumber\cucumber-plugin\7.18.1\cucumber-plugin-7.18.1.jar;C:\Users\Hp\.m2\repository\io\cucumber\docstring\7.18.1\docstring-7.18.1.jar;C:\Users\Hp\.m2\repository\io\cucumber\html-formatter\21.4.1\html-formatter-21.4.1.jar;C:\Users\Hp\.m2\repository\io\cucumber\junit-xml-formatter\0.5.0\junit-xml-formatter-0.5.0.jar;C:\Users\Hp\.m2\repository\io\cucumber\ci-environment\10.0.1\ci-environment-10.0.1.jar;C:\Users\Hp\.m2\repository\io\cucumber\cucumber-junit\7.15.0\cucumber-junit-7.15.0.jar;"/>
    <property name="java.vm.vendor" value="Oracle Corporation"/>
    <property name="sun.arch.data.model" value="64"/>
    <property name="user.variant" value=""/>
    <property name="java.vendor.url" value="https://java.oracle.com/"/>
    <property name="user.timezone" value="Asia/Hebron"/>
    <property name="os.name" value="Windows 11"/>
    <property name="java.vm.specification.version" value="22"/>
    <property name="sun.java.launcher" value="SUN_STANDARD"/>
    <property name="user.country" value="US"/>
    <property name="sun.boot.library.path" value="C:\Users\Hp\.jdks\openjdk-22.0.2\bin"/>
    <property name="sun.java.command" value="C:\Users\Hp\AppData\Local\Temp\surefire119733731174459105\surefirebooter-20240825101745408_3.jar C:\Users\Hp\AppData\Local\Temp\surefire119733731174459105 2024-08-25T10-17-45_100-jvmRun1 surefire-20240825101745408_1tmp surefire_0-20240825101745408_2tmp"/>
    <property name="jdk.debug" value="release"/>
    <property name="surefire.test.class.path" value="C:\Users\Hp\OneDrive\Desktop\Software Project part 1\carpProject-main\MotazQarmash-Sweet_Mgt_Sys\target\test-classes;C:\Users\Hp\OneDrive\Desktop\Software Project part 1\carpProject-main\MotazQarmash-Sweet_Mgt_Sys\target\classes;C:\Users\Hp\.m2\repository\org\jacoco\jacoco-maven-plugin\0.8.12\jacoco-maven-plugin-0.8.12.jar;C:\Users\Hp\.m2\repository\org\codehaus\plexus\plexus-utils\3.0.24\plexus-utils-3.0.24.jar;C:\Users\Hp\.m2\repository\org\apache\maven\shared\file-management\3.1.0\file-management-3.1.0.jar;C:\Users\Hp\.m2\repository\org\slf4j\slf4j-api\1.7.36\slf4j-api-1.7.36.jar;C:\Users\Hp\.m2\repository\commons-io\commons-io\2.11.0\commons-io-2.11.0.jar;C:\Users\Hp\.m2\repository\org\apache\maven\reporting\maven-reporting-api\3.0\maven-reporting-api-3.0.jar;C:\Users\Hp\.m2\repository\org\apache\maven\doxia\doxia-sink-api\1.0\doxia-sink-api-1.0.jar;C:\Users\Hp\.m2\repository\org\jacoco\org.jacoco.agent\0.8.12\org.jacoco.agent-0.8.12-runtime.jar;C:\Users\Hp\.m2\repository\org\jacoco\org.jacoco.core\0.8.12\org.jacoco.core-0.8.12.jar;C:\Users\Hp\.m2\repository\org\ow2\asm\asm\9.7\asm-9.7.jar;C:\Users\Hp\.m2\repository\org\ow2\asm\asm-commons\9.7\asm-commons-9.7.jar;C:\Users\Hp\.m2\repository\org\ow2\asm\asm-tree\9.7\asm-tree-9.7.jar;C:\Users\Hp\.m2\repository\org\jacoco\org.jacoco.report\0.8.12\org.jacoco.report-0.8.12.jar;C:\Users\Hp\.m2\repository\junit\junit\4.13.2\junit-4.13.2.jar;C:\Users\Hp\.m2\repository\org\hamcrest\hamcrest-core\1.3\hamcrest-core-1.3.jar;C:\Users\Hp\.m2\repository\io\cucumber\cucumber-picocontainer\7.15.0\cucumber-picocontainer-7.15.0.jar;C:\Users\Hp\.m2\repository\org\apiguardian\apiguardian-api\1.1.2\apiguardian-api-1.1.2.jar;C:\Users\Hp\.m2\repository\org\picocontainer\picocontainer\2.15\picocontainer-2.15.jar;C:\Users\Hp\.m2\repository\io\cucumber\cucumber-java\7.18.1\cucumber-java-7.18.1.jar;C:\Users\Hp\.m2\repository\io\cucumber\cucumber-core\7.18.1\cucumber-core-7.18.1.jar;C:\Users\Hp\.m2\repository\io\cucumber\cucumber-gherkin\7.18.1\cucumber-gherkin-7.18.1.jar;C:\Users\Hp\.m2\repository\io\cucumber\cucumber-gherkin-messages\7.18.1\cucumber-gherkin-messages-7.18.1.jar;C:\Users\Hp\.m2\repository\io\cucumber\gherkin\28.0.0\gherkin-28.0.0.jar;C:\Users\Hp\.m2\repository\io\cucumber\messages\24.1.0\messages-24.1.0.jar;C:\Users\Hp\.m2\repository\io\cucumber\testng-xml-formatter\0.2.0\testng-xml-formatter-0.2.0.jar;C:\Users\Hp\.m2\repository\io\cucumber\query\12.2.0\query-12.2.0.jar;C:\Users\Hp\.m2\repository\io\cucumber\tag-expressions\6.1.0\tag-expressions-6.1.0.jar;C:\Users\Hp\.m2\repository\io\cucumber\cucumber-expressions\17.1.0\cucumber-expressions-17.1.0.jar;C:\Users\Hp\.m2\repository\io\cucumber\datatable\7.18.1\datatable-7.18.1.jar;C:\Users\Hp\.m2\repository\io\cucumber\cucumber-plugin\7.18.1\cucumber-plugin-7.18.1.jar;C:\Users\Hp\.m2\repository\io\cucumber\docstring\7.18.1\docstring-7.18.1.jar;C:\Users\Hp\.m2\repository\io\cucumber\html-formatter\21.4.1\html-formatter-21.4.1.jar;C:\Users\Hp\.m2\repository\io\cucumber\junit-xml-formatter\0.5.0\junit-xml-formatter-0.5.0.jar;C:\Users\Hp\.m2\repository\io\cucumber\ci-environment\10.0.1\ci-environment-10.0.1.jar;C:\Users\Hp\.m2\repository\io\cucumber\cucumber-junit\7.15.0\cucumber-junit-7.15.0.jar;"/>
    <property name="sun.cpu.endian" value="little"/>
    <property name="user.home" value="C:\Users\Hp"/>
    <property name="user.language" value="en"/>
    <property name="java.specification.vendor" value="Oracle Corporation"/>
    <property name="java.version.date" value="2024-07-16"/>
    <property name="java.home" value="C:\Users\Hp\.jdks\openjdk-22.0.2"/>
    <property name="file.separator" value="\"/>
    <property name="basedir" value="C:\Users\Hp\OneDrive\Desktop\Software Project part 1\carpProject-main\MotazQarmash-Sweet_Mgt_Sys"/>
    <property name="java.vm.compressedOopsMode" value="32-bit"/>
    <property name="line.separator" value="&#10;"/>
    <property name="java.vm.specification.vendor" value="Oracle Corporation"/>
    <property name="java.specification.name" value="Java Platform API Specification"/>
    <property name="surefire.real.class.path" value="C:\Users\Hp\AppData\Local\Temp\surefire119733731174459105\surefirebooter-20240825101745408_3.jar"/>
    <property name="user.script" value=""/>
    <property name="sun.management.compiler" value="HotSpot 64-Bit Tiered Compilers"/>
    <property name="java.runtime.version" value="22.0.2+9-70"/>
    <property name="user.name" value="Hp"/>
    <property name="stdout.encoding" value="Cp1252"/>
    <property name="path.separator" value=";"/>
    <property name="os.version" value="10.0"/>
    <property name="java.runtime.name" value="OpenJDK Runtime Environment"/>
    <property name="file.encoding" value="UTF-8"/>
    <property name="java.vm.name" value="OpenJDK 64-Bit Server VM"/>
    <property name="localRepository" value="C:\Users\Hp\.m2\repository"/>
    <property name="java.vendor.url.bug" value="https://bugreport.java.com/bugreport/"/>
    <property name="java.io.tmpdir" value="C:\Users\Hp\AppData\Local\Temp\"/>
    <property name="idea.version" value="2024.1.4"/>
    <property name="java.version" value="22.0.2"/>
    <property name="user.dir" value="C:\Users\Hp\OneDrive\Desktop\Software Project part 1\carpProject-main\MotazQarmash-Sweet_Mgt_Sys"/>
    <property name="os.arch" value="amd64"/>
    <property name="java.vm.specification.name" value="Java Virtual Machine Specification"/>
    <property name="sun.os.patch.level" value=""/>
    <property name="native.encoding" value="Cp1252"/>
    <property name="java.library.path" value="C:\Users\Hp\.jdks\openjdk-22.0.2\bin;C:\WINDOWS\Sun\Java\bin;C:\WINDOWS\system32;C:\WINDOWS;C:\python\Python312\Scripts\;C:\python\Python312\;C:\Program Files\Common Files\Oracle\Java\javapath;C:\WINDOWS\system32;C:\WINDOWS;C:\WINDOWS\System32\Wbem;C:\WINDOWS\System32\WindowsPowerShell\v1.0\;C:\WINDOWS\System32\OpenSSH\;C:\Program Files\Microsoft SQL Server\150\Tools\Binn\;C:\Program Files\Microsoft SQL Server\Client SDK\ODBC\170\Tools\Binn\;C:\Program Files\dotnet\;C:\Program Files (x86)\IVI Foundation\VISA\WinNT\Bin\;C:\Program Files\IVI Foundation\VISA\Win64\Bin\;C:\Program Files (x86)\National Instruments\Shared\LabVIEW CLI;C:\Program Files (x86)\IVI Foundation\VISA\WinNT\Bin;C:\Program Files\Git\cmd;C:\Program Files\Apache NetBeans\apache-maven-3.9.9\bin;C:\Users\Hp\AppData\Local\Microsoft\WindowsApps;D:\IntelliJ IDEA Community Edition 2022.3.2\bin;C:\Program Files\JetBrains\PyCharm Community Edition 2023.3.3\bin;C:\Users\Hp\AppData\Local\Programs\Microsoft VS Code\bin;C:\Program Files\JetBrains\PhpStorm 2024.1.1\bin;C:\Users\Hp\AppData\Local\GitHubDesktop\bin;C:\Program Files\JetBrains\PyCharm 2024.1.1\bin;C:\Program Files\JetBrains\WebStorm 2024.1.2\bin;C:\Users\Hp\AppData\Local\JetBrains\Toolbox\scripts;;C:\Program Files\JetBrains\IntelliJ IDEA 242.20224.38\bin;;."/>
    <property name="java.vm.info" value="mixed mode, sharing"/>
    <property name="stderr.encoding" value="Cp1252"/>
    <property name="java.vendor" value="Oracle Corporation"/>
    <property name="java.vm.version" value="22.0.2+9-70"/>
    <property name="sun.io.unicode.encoding" value="UnicodeLittle"/>
    <property name="java.class.version" value="66.0"/>
  </properties>
  <testcase name="Store owner or provider updates their email address" classname="Manage account details and update business information" time="0.254">
    <system-out><![CDATA[newemail@example.com]]></system-out>
  </testcase>
  <testcase name="Store owner or provider updates their password" classname="Manage account details and update business information" time="0.019"/>
  <testcase name="Store owner or provider updates their city" classname="Manage account details and update business information" time="0.018"/>
  <testcase name="Create new account for Service Provider" classname="Admin Management" time="0.026"/>
  <testcase name="Delete account" classname="Admin Management" time="0.014"/>
  <testcase name="Update an existing account #1" classname="Admin Management" time="0.014"/>
  <testcase name="Update an existing account #2" classname="Admin Management" time="0.01"/>
  <testcase name="Update an existing account #3" classname="Admin Management" time="0.009"/>
  <testcase name="Admin views all products" classname="Admin Management" time="0.01"/>
  <testcase name="Admin views all recipes" classname="Admin Management" time="0.008"/>
  <testcase name="User sends a message to a recipient #1" classname="Direct Communication with Store Owners and Suppliers" time="0.015"/>
  <testcase name="User sends a message to a recipient #2" classname="Direct Communication with Store Owners and Suppliers" time="0.009"/>
  <testcase name="User receives a response to their inquiry or request #1" classname="Direct Communication with Store Owners and Suppliers" time="0.011"/>
  <testcase name="User receives a response to their inquiry or request #2" classname="Direct Communication with Store Owners and Suppliers" time="0.008"/>
  <testcase name="User provides feedback on a purchased product #1" classname="Feedback on Purchased Products and Shared Recipes" time="0.011"/>
  <testcase name="User provides feedback on a purchased product #2" classname="Feedback on Purchased Products and Shared Recipes" time="0.007"/>
  <testcase name="User provides feedback on a shared recipe #1" classname="Feedback on Purchased Products and Shared Recipes" time="0.017"/>
  <testcase name="User provides feedback on a shared recipe #2" classname="Feedback on Purchased Products and Shared Recipes" time="0.009"/>
  <testcase name="Invalid email #1" classname="Login" time="0.01"/>
  <testcase name="Invalid email #2" classname="Login" time="0.008"/>
  <testcase name="Invalid password #1" classname="Login" time="0.008"/>
  <testcase name="Invalid password #2" classname="Login" time="0.007"/>
  <testcase name="Invalid information #1" classname="Login" time="0.009"/>
  <testcase name="Invalid information #2" classname="Login" time="0.007"/>
  <testcase name="Monitor profits and generate financial reports" classname="Monitor profits and generate financial reports" time="0.007"/>
  <testcase name="Identify best-selling products in each store" classname="Monitor profits and generate financial reports" time="0.011"/>
  <testcase name="Gather and display statistics on registered users by City" classname="Monitor profits and generate financial reports" time="0.007"/>
  <testcase name="Store owner or raw material supplier adds a new product to their inventory" classname="Product Management" time="0.012"/>
  <testcase name="Store owner or raw material supplier updates the details of an existing product" classname="Product Management" time="0.008"/>
  <testcase name="Store owner or raw material supplier removes an existing product from their inventory" classname="Product Management" time="0.011"/>
  <testcase name="Monitor sales and profits" classname="Product Management" time="0.012"/>
  <testcase name="Identify best-selling products" classname="Product Management" time="0.007"/>
  <testcase name="Store owner or raw material supplier applies a discount to a product" classname="Product Management" time="0.007"/>
  <testcase name="Search for a store owner&apos;s product by name based on dietary needs or food allergies #1" classname="Browse and search for dessert recipes and store owner products by name" time="0.012"/>
  <testcase name="Search for a store owner&apos;s product by name based on dietary needs or food allergies #2" classname="Browse and search for dessert recipes and store owner products by name" time="0.008"/>
  <testcase name="Search for a store owner&apos;s product by name based on dietary needs or food allergies #3" classname="Browse and search for dessert recipes and store owner products by name" time="0.007"/>
  <testcase name="Search for a store owner&apos;s product by name that does not exist or did not meet dietary needs or food allergies #1" classname="Browse and search for dessert recipes and store owner products by name" time="0.009"/>
  <testcase name="Search for a store owner&apos;s product by name that does not exist or did not meet dietary needs or food allergies #2" classname="Browse and search for dessert recipes and store owner products by name" time="0.006"/>
  <testcase name="Search for a store owner&apos;s product by name that does not exist or did not meet dietary needs or food allergies #3" classname="Browse and search for dessert recipes and store owner products by name" time="0.007"/>
  <testcase name="Search for products with dietary needs that have no matches #1" classname="Browse and search for dessert recipes and store owner products by name" time="0.005"/>
  <testcase name="Search for products with dietary needs that have no matches #2" classname="Browse and search for dessert recipes and store owner products by name" time="0.005"/>
  <testcase name="Purchase products and add to basket" classname="Browse and search for dessert recipes and store owner products by name" time="0.011"/>
  <testcase name="Clear user&apos;s basket" classname="Browse and search for dessert recipes and store owner products by name" time="0.012"/>
  <testcase name="Search for a dessert recipe by name from other users #1" classname="Browse and search for dessert recipes by name from other users #1" time="0.005"/>
  <testcase name="Search for a dessert recipe by name from other users #2" classname="Browse and search for dessert recipes by name from other users #1" time="0.004"/>
  <testcase name="Search for a dessert recipe by name that does not exist" classname="Browse and search for dessert recipes by name from other users #1" time="0.004"/>
  <testcase name="Search for a dessert recipe by name from other users" classname="Browse and search for dessert recipes by name from other users #2" time="0.004"/>
  <testcase name="Search for a dessert recipe by name that does not exist" classname="Browse and search for dessert recipes by name from other users #2" time="0.004"/>
  <testcase name="trying to signing up with an existing email" classname="Sign up" time="0.005"/>
  <testcase name="trying to signing up with incorrect email format" classname="Sign up" time="0.004"/>
  <testcase name="trying to signing up with new account #1" classname="Sign up" time="0.005"/>
  <testcase name="trying to signing up with new account #2" classname="Sign up" time="0.005"/>
</testsuite>